<?xml version="1.0" encoding="UTF-8"?>
<testng-results ignored="0" total="1" passed="1" failed="0" skipped="0">
  <reporter-output>
  </reporter-output>
  <suite started-at="2023-06-24T12:42:08 IST" name="Default suite" finished-at="2023-06-24T12:42:37 IST" duration-ms="28786">
    <groups>
    </groups>
    <test started-at="2023-06-24T12:42:08 IST" name="Default test" finished-at="2023-06-24T12:42:37 IST" duration-ms="28786">
      <class name="trade.scenario1">
        <test-method is-config="true" signature="prereqisite()[pri:0, instance:trade.scenario1@f0da945]" started-at="2023-06-24T12:42:08 IST" name="prereqisite" finished-at="2023-06-24T12:42:17 IST" duration-ms="8847" status="PASS">
          <reporter-output>
          </reporter-output>
        </test-method> <!-- prereqisite -->
        <test-method signature="fetchtradevalue()[pri:0, instance:trade.scenario1@f0da945]" started-at="2023-06-24T12:42:17 IST" name="fetchtradevalue" finished-at="2023-06-24T12:42:37 IST" duration-ms="19865" status="PASS">
          <reporter-output>
          </reporter-output>
        </test-method> <!-- fetchtradevalue -->
      </class> <!-- trade.scenario1 -->
    </test> <!-- Default test -->
  </suite> <!-- Default suite -->
</testng-results>
